<?xml version="1.0" encoding="UTF-8"?>
<!-- Generated by org.testng.reporters.JUnitReportReporter -->
<testsuite hostname="DESKTOP-N4HUTNH" failures="0" tests="1" name="Runnerone.Runnernew" time="435.382" errors="0" timestamp="2024-12-23T17:31:31 IST" skipped="0">
  <testcase classname="Runnerone.Runnernew" name="runScenario" time="435.382"/>
</testsuite> <!-- Runnerone.Runnernew -->
